<?xml version="1.0" encoding="UTF-8"?>
<testsuite xmlns:xsi="http://www.w3.org/2001/XMLSchema-instance" xsi:schemaLocation="https://maven.apache.org/surefire/maven-surefire-plugin/xsd/surefire-test-report.xsd" name="TestSuite" time="412.856" tests="6" errors="0" skipped="0" failures="0">
  <properties>
[...]
</properties>
  <testcase name="feature" classname="com.cucumberFramework.testRunner.TestRunner" time="80.888"/>
  <testcase name="feature" classname="com.cucumberFramework.testRunner.TestRunner" time="55.592"/>
  <testcase name="feature" classname="com.cucumberFramework.testRunner.TestRunner" time="40.811"/>
  <testcase name="feature" classname="com.cucumberFramework.testRunner.TestRunner" time="84.261"/>
  <testcase name="feature" classname="com.cucumberFramework.testRunner.TestRunner" time="81.841"/>
  <testcase name="feature" classname="com.cucumberFramework.testRunner.TestRunner" time="66.137"/>
</testsuite>