<?xml version="1.0" encoding="UTF-8"?>
<testng-results skipped="0" failed="0" total="6" passed="6">
  <reporter-output>
  </reporter-output>
  <suite name="BDD Test Suite" duration-ms="411241" started-at="2019-03-13T00:54:04Z" finished-at="2019-03-13T01:00:55Z">
    <groups>
      <group name="cucumber">
        <method signature="TestRunner.feature(cucumber.api.testng.CucumberFeatureWrapper)[pri:0, instance:com.cucumberFramework.testRunner.TestRunner@6be46e8f]" name="feature" class="com.cucumberFramework.testRunner.TestRunner"/>
      </group> <!-- cucumber -->
    </groups>
    <test name="Regression Test" duration-ms="411241" started-at="2019-03-13T00:54:04Z" finished-at="2019-03-13T01:00:55Z">
      <class name="com.cucumberFramework.testRunner.TestRunner">
        <test-method status="PASS" signature="setUpClass()[pri:0, instance:com.cucumberFramework.testRunner.TestRunner@6be46e8f]" name="setUpClass" is-config="true" duration-ms="698" started-at="2019-03-12T19:54:04Z" finished-at="2019-03-12T19:54:05Z">
          <reporter-output>
          </reporter-output>
        </test-method> <!-- setUpClass -->
        <test-method status="PASS" signature="feature(cucumber.api.testng.CucumberFeatureWrapper)[pri:0, instance:com.cucumberFramework.testRunner.TestRunner@6be46e8f]" name="feature" duration-ms="80819" started-at="2019-03-12T19:54:05Z" description="Runs cucmber Features" data-provider="features" finished-at="2019-03-12T19:55:26Z">
          <params>
            <param index="0">
              <value>
                <![CDATA[Contacts Creation]]>
              </value>
            </param>
          </params>
          <reporter-output>
          </reporter-output>
        </test-method> <!-- feature -->
        <test-method status="PASS" signature="feature(cucumber.api.testng.CucumberFeatureWrapper)[pri:0, instance:com.cucumberFramework.testRunner.TestRunner@6be46e8f]" name="feature" duration-ms="55643" started-at="2019-03-12T19:55:26Z" description="Runs cucmber Features" data-provider="features" finished-at="2019-03-12T19:56:22Z">
          <params>
            <param index="0">
              <value>
                <![CDATA[Contacts Creation]]>
              </value>
            </param>
          </params>
          <reporter-output>
          </reporter-output>
        </test-method> <!-- feature -->
        <test-method status="PASS" signature="feature(cucumber.api.testng.CucumberFeatureWrapper)[pri:0, instance:com.cucumberFramework.testRunner.TestRunner@6be46e8f]" name="feature" duration-ms="40781" started-at="2019-03-12T19:56:22Z" description="Runs cucmber Features" data-provider="features" finished-at="2019-03-12T19:57:02Z">
          <params>
            <param index="0">
              <value>
                <![CDATA[Leads Creation]]>
              </value>
            </param>
          </params>
          <reporter-output>
          </reporter-output>
        </test-method> <!-- feature -->
        <test-method status="PASS" signature="feature(cucumber.api.testng.CucumberFeatureWrapper)[pri:0, instance:com.cucumberFramework.testRunner.TestRunner@6be46e8f]" name="feature" duration-ms="84292" started-at="2019-03-12T19:57:02Z" description="Runs cucmber Features" data-provider="features" finished-at="2019-03-12T19:58:27Z">
          <params>
            <param index="0">
              <value>
                <![CDATA[Leads Creation]]>
              </value>
            </param>
          </params>
          <reporter-output>
          </reporter-output>
        </test-method> <!-- feature -->
        <test-method status="PASS" signature="feature(cucumber.api.testng.CucumberFeatureWrapper)[pri:0, instance:com.cucumberFramework.testRunner.TestRunner@6be46e8f]" name="feature" duration-ms="81858" started-at="2019-03-12T19:58:27Z" description="Runs cucmber Features" data-provider="features" finished-at="2019-03-12T19:59:48Z">
          <params>
            <param index="0">
              <value>
                <![CDATA[Leads Search/Edit/Delete]]>
              </value>
            </param>
          </params>
          <reporter-output>
          </reporter-output>
        </test-method> <!-- feature -->
        <test-method status="PASS" signature="feature(cucumber.api.testng.CucumberFeatureWrapper)[pri:0, instance:com.cucumberFramework.testRunner.TestRunner@6be46e8f]" name="feature" duration-ms="66129" started-at="2019-03-12T19:59:48Z" description="Runs cucmber Features" data-provider="features" finished-at="2019-03-12T20:00:55Z">
          <params>
            <param index="0">
              <value>
                <![CDATA[Sign In]]>
              </value>
            </param>
          </params>
          <reporter-output>
          </reporter-output>
        </test-method> <!-- feature -->
        <test-method status="PASS" signature="testDownClass()[pri:0, instance:com.cucumberFramework.testRunner.TestRunner@6be46e8f]" name="testDownClass" is-config="true" duration-ms="794" started-at="2019-03-12T20:00:55Z" finished-at="2019-03-12T20:00:55Z">
          <reporter-output>
          </reporter-output>
        </test-method> <!-- testDownClass -->
      </class> <!-- com.cucumberFramework.testRunner.TestRunner -->
    </test> <!-- Regression Test -->
  </suite> <!-- BDD Test Suite -->
</testng-results>
