<?xml version="1.0" encoding="UTF-8"?>
<testng-results skipped="0" failed="0" total="1" passed="1">
  <reporter-output>
  </reporter-output>
  <suite name="Default suite" duration-ms="29862" started-at="2019-03-05T21:28:42Z" finished-at="2019-03-05T21:29:12Z">
    <groups>
      <group name="cucumber">
        <method signature="TestRunner.feature(cucumber.api.testng.CucumberFeatureWrapper)[pri:0, instance:com.cucumberFramework.testRunner.TestRunner@6093dd95]" name="feature" class="com.cucumberFramework.testRunner.TestRunner"/>
      </group> <!-- cucumber -->
    </groups>
    <test name="Default test" duration-ms="29862" started-at="2019-03-05T21:28:42Z" finished-at="2019-03-05T21:29:12Z">
      <class name="com.cucumberFramework.testRunner.TestRunner">
        <test-method status="PASS" signature="setUpClass()[pri:0, instance:com.cucumberFramework.testRunner.TestRunner@6093dd95]" name="setUpClass" is-config="true" duration-ms="595" started-at="2019-03-05T15:28:42Z" finished-at="2019-03-05T15:28:42Z">
          <reporter-output>
          </reporter-output>
        </test-method> <!-- setUpClass -->
        <test-method status="PASS" signature="feature(cucumber.api.testng.CucumberFeatureWrapper)[pri:0, instance:com.cucumberFramework.testRunner.TestRunner@6093dd95]" name="feature" duration-ms="28609" started-at="2019-03-05T15:28:43Z" description="Runs cucmber Features" data-provider="features" finished-at="2019-03-05T15:29:11Z">
          <params>
            <param index="0">
              <value>
                <![CDATA[Leads Search]]>
              </value>
            </param>
          </params>
          <reporter-output>
          </reporter-output>
        </test-method> <!-- feature -->
        <test-method status="PASS" signature="testDownClass()[pri:0, instance:com.cucumberFramework.testRunner.TestRunner@6093dd95]" name="testDownClass" is-config="true" duration-ms="416" started-at="2019-03-05T15:29:11Z" finished-at="2019-03-05T15:29:12Z">
          <reporter-output>
          </reporter-output>
        </test-method> <!-- testDownClass -->
      </class> <!-- com.cucumberFramework.testRunner.TestRunner -->
    </test> <!-- Default test -->
  </suite> <!-- Default suite -->
</testng-results>
