<?xml version="1.0" encoding="UTF-8"?>
<!-- Generated by org.testng.reporters.JUnitXMLReporter -->
<testsuite hostname="carol-PC" name="Regression Test" tests="6" failures="0" timestamp="13 Mar 2019 01:00:56 GMT" time="411.241" errors="0">
  <testcase name="feature" time="80.819" classname="com.cucumberFramework.testRunner.TestRunner"/>
  <testcase name="feature" time="55.643" classname="com.cucumberFramework.testRunner.TestRunner"/>
  <testcase name="feature" time="40.781" classname="com.cucumberFramework.testRunner.TestRunner"/>
  <testcase name="feature" time="84.292" classname="com.cucumberFramework.testRunner.TestRunner"/>
  <testcase name="feature" time="81.858" classname="com.cucumberFramework.testRunner.TestRunner"/>
  <testcase name="feature" time="66.129" classname="com.cucumberFramework.testRunner.TestRunner"/>
</testsuite> <!-- Regression Test -->
